# JRE version: Java(TM) SE Runtime Environment (19.0+36) (build 19+36-2238)
# Java VM: Java HotSpot(TM) 64-Bit Server VM (19+36-2238, mixed mode, sharing, tiered, compressed oops, compressed class ptrs, g1 gc, windows-amd64)
GC Precious Log:
 CardTable entry size: 512
 Card Set container configuration: InlinePtr #cards 5 size 8 Array Of Cards #cards 12 size 40 Howl #buckets 4 coarsen threshold 1843 Howl Bitmap #cards 512 size 80 coarsen threshold 460 Card regions per heap region 1 cards per card region 2048
 CPUs: 12 total, 12 available
 Memory: 6005M
 Large Page Support: Disabled
 NUMA Support: Disabled
 Compressed Oops: Enabled (32-bit)
 Heap Region Size: 1M
 Heap Min Capacity: 8M
 Heap Initial Capacity: 94M
 Heap Max Capacity: 1502M
 Pre-touch: Disabled
 Parallel Workers: 10
 Concurrent Workers: 3
 Concurrent Refinement Workers: 10
 Periodic GC: Disabled
Heap:
 garbage-first heap   total 141312K, used 52616K [0x00000000a2200000, 0x0000000100000000)
  region size 1024K, 2 young (2048K), 2 survivors (2048K)
 Metaspace       used 31890K, committed 32256K, reserved 1114112K
  class space    used 3739K, committed 3904K, reserved 1048576K
GC Heap History (20 events):
Event: 49.164 GC heap after
{Heap after GC invocations=11 (full 0):
 garbage-first heap   total 89088K, used 36947K [0x00000000a2200000, 0x0000000100000000)
  region size 1024K, 2 young (2048K), 2 survivors (2048K)
 Metaspace       used 31490K, committed 31872K, reserved 1114112K
  class space    used 3737K, committed 3904K, reserved 1048576K
}
Event: 49.204 GC heap before
{Heap before GC invocations=11 (full 0):
 garbage-first heap   total 89088K, used 71763K [0x00000000a2200000, 0x0000000100000000)
  region size 1024K, 4 young (4096K), 2 survivors (2048K)
 Metaspace       used 31500K, committed 31936K, reserved 1114112K
  class space    used 3737K, committed 3904K, reserved 1048576K
}
Event: 49.206 GC heap after
{Heap after GC invocations=12 (full 0):
 garbage-first heap   total 89088K, used 35377K [0x00000000a2200000, 0x0000000100000000)
  region size 1024K, 1 young (1024K), 1 survivors (1024K)
 Metaspace       used 31500K, committed 31936K, reserved 1114112K
  class space    used 3737K, committed 3904K, reserved 1048576K
}
Event: 69.202 GC heap before
{Heap before GC invocations=12 (full 0):
 garbage-first heap   total 89088K, used 43569K [0x00000000a2200000, 0x0000000100000000)
  region size 1024K, 6 young (6144K), 1 survivors (1024K)
 Metaspace       used 31669K, committed 32064K, reserved 1114112K
  class space    used 3739K, committed 3904K, reserved 1048576K
}
Event: 69.204 GC heap after
{Heap after GC invocations=13 (full 0):
 garbage-first heap   total 141312K, used 39125K [0x00000000a2200000, 0x0000000100000000)
  region size 1024K, 2 young (2048K), 2 survivors (2048K)
 Metaspace       used 31669K, committed 32064K, reserved 1114112K
  class space    used 3739K, committed 3904K, reserved 1048576K
}
Event: 69.223 GC heap before
{Heap before GC invocations=13 (full 0):
 garbage-first heap   total 141312K, used 64725K [0x00000000a2200000, 0x0000000100000000)
  region size 1024K, 4 young (4096K), 2 survivors (2048K)
 Metaspace       used 31676K, committed 32064K, reserved 1114112K
  class space    used 3739K, committed 3904K, reserved 1048576K
}
Event: 69.225 GC heap after
{Heap after GC invocations=14 (full 0):
 garbage-first heap   total 141312K, used 46273K [0x00000000a2200000, 0x0000000100000000)
  region size 1024K, 2 young (2048K), 2 survivors (2048K)
 Metaspace       used 31676K, committed 32064K, reserved 1114112K
  class space    used 3739K, committed 3904K, reserved 1048576K
}
Event: 80.134 GC heap before
{Heap before GC invocations=14 (full 0):
 garbage-first heap   total 141312K, used 70849K [0x00000000a2200000, 0x0000000100000000)
  region size 1024K, 9 young (9216K), 2 survivors (2048K)
 Metaspace       used 31784K, committed 32192K, reserved 1114112K
  class space    used 3739K, committed 3904K, reserved 1048576K
}
Event: 80.136 GC heap after
{Heap after GC invocations=15 (full 0):
 garbage-first heap   total 141312K, used 51997K [0x00000000a2200000, 0x0000000100000000)
  region size 1024K, 3 young (3072K), 3 survivors (3072K)
 Metaspace       used 31784K, committed 32192K, reserved 1114112K
  class space    used 3739K, committed 3904K, reserved 1048576K
}
Event: 80.138 GC heap before
{Heap before GC invocations=15 (full 0):
 garbage-first heap   total 141312K, used 65309K [0x00000000a2200000, 0x0000000100000000)
  region size 1024K, 4 young (4096K), 3 survivors (3072K)
 Metaspace       used 31785K, committed 32192K, reserved 1114112K
  class space    used 3739K, committed 3904K, reserved 1048576K
}
Event: 80.140 GC heap after
{Heap after GC invocations=16 (full 0):
 garbage-first heap   total 141312K, used 50024K [0x00000000a2200000, 0x0000000100000000)
  region size 1024K, 3 young (3072K), 3 survivors (3072K)
 Metaspace       used 31785K, committed 32192K, reserved 1114112K
  class space    used 3739K, committed 3904K, reserved 1048576K
}
Event: 80.531 GC heap before
{Heap before GC invocations=16 (full 0):
 garbage-first heap   total 141312K, used 67432K [0x00000000a2200000, 0x0000000100000000)
  region size 1024K, 6 young (6144K), 3 survivors (3072K)
 Metaspace       used 31803K, committed 32192K, reserved 1114112K
  class space    used 3739K, committed 3904K, reserved 1048576K
}
Event: 80.533 GC heap after
{Heap after GC invocations=17 (full 0):
 garbage-first heap   total 141312K, used 47088K [0x00000000a2200000, 0x0000000100000000)
  region size 1024K, 2 young (2048K), 2 survivors (2048K)
 Metaspace       used 31803K, committed 32192K, reserved 1114112K
  class space    used 3739K, committed 3904K, reserved 1048576K
}
Event: 99.955 GC heap before
{Heap before GC invocations=17 (full 0):
 garbage-first heap   total 141312K, used 68592K [0x00000000a2200000, 0x0000000100000000)
  region size 1024K, 8 young (8192K), 2 survivors (2048K)
 Metaspace       used 31875K, committed 32256K, reserved 1114112K
  class space    used 3739K, committed 3904K, reserved 1048576K
}
Event: 99.957 GC heap after
{Heap after GC invocations=18 (full 0):
 garbage-first heap   total 141312K, used 55688K [0x00000000a2200000, 0x0000000100000000)
  region size 1024K, 3 young (3072K), 3 survivors (3072K)
 Metaspace       used 31875K, committed 32256K, reserved 1114112K
  class space    used 3739K, committed 3904K, reserved 1048576K
}
Event: 99.959 GC heap before
{Heap before GC invocations=18 (full 0):
 garbage-first heap   total 141312K, used 64904K [0x00000000a2200000, 0x0000000100000000)
  region size 1024K, 4 young (4096K), 3 survivors (3072K)
 Metaspace       used 31875K, committed 32256K, reserved 1114112K
  class space    used 3739K, committed 3904K, reserved 1048576K
}
Event: 99.961 GC heap after
{Heap after GC invocations=19 (full 0):
 garbage-first heap   total 141312K, used 57912K [0x00000000a2200000, 0x0000000100000000)
  region size 1024K, 4 young (4096K), 4 survivors (4096K)
 Metaspace       used 31875K, committed 32256K, reserved 1114112K
  class space    used 3739K, committed 3904K, reserved 1048576K
}
Event: 99.972 GC heap before
{Heap before GC invocations=19 (full 0):
 garbage-first heap   total 141312K, used 66104K [0x00000000a2200000, 0x0000000100000000)
  region size 1024K, 5 young (5120K), 4 survivors (4096K)
 Metaspace       used 31875K, committed 32256K, reserved 1114112K
  class space    used 3739K, committed 3904K, reserved 1048576K
}
Event: 99.974 GC heap after
{Heap after GC invocations=20 (full 0):
 garbage-first heap   total 141312K, used 58891K [0x00000000a2200000, 0x0000000100000000)
  region size 1024K, 4 young (4096K), 4 survivors (4096K)
 Metaspace       used 31875K, committed 32256K, reserved 1114112K
  class space    used 3739K, committed 3904K, reserved 1048576K
}
Event: 100.433 GC heap before
{Heap before GC invocations=20 (full 0):
 garbage-first heap   total 141312K, used 66059K [0x00000000a2200000, 0x0000000100000000)
  region size 1024K, 7 young (7168K), 4 survivors (4096K)
 Metaspace       used 31890K, committed 32256K, reserved 1114112K
  class space    used 3739K, committed 3904K, reserved 1048576K
}

