<?xml version="1.0" encoding="UTF-8"?>
<testng-results ignored="0" total="1" passed="1" failed="0" skipped="0">
  <reporter-output>
  </reporter-output>
  <suite started-at="2023-03-30T16:56:31 IST" name="nopCommerce" finished-at="2023-03-30T16:56:40 IST" duration-ms="9442">
    <groups>
    </groups>
    <test started-at="2023-03-30T16:56:31 IST" name="Default test" finished-at="2023-03-30T16:56:40 IST" duration-ms="9442">
      <class name="Testcases.LoginTestCase">
        <test-method is-config="true" signature="setup()[pri:0, instance:Testcases.LoginTestCase@74f0ea28]" started-at="2023-03-30T16:56:31 IST" name="setup" finished-at="2023-03-30T16:56:40 IST" duration-ms="8927" status="PASS">
          <reporter-output>
          </reporter-output>
        </test-method> <!-- setup -->
        <test-method signature="Login()[pri:0, instance:Testcases.LoginTestCase@74f0ea28]" started-at="2023-03-30T16:56:40 IST" name="Login" finished-at="2023-03-30T16:56:40 IST" duration-ms="463" status="PASS">
          <reporter-output>
          </reporter-output>
        </test-method> <!-- Login -->
      </class> <!-- Testcases.LoginTestCase -->
    </test> <!-- Default test -->
  </suite> <!-- nopCommerce -->
</testng-results>
